08/05/2026 10:57:25 p. m.	Este registro contiene información acerca de la operación de importación de esquema en el proyecto 'Northwind_DW' del equipo 'DESKTOP-G2F87HJ' por el usuario 'LENOVO'.
08/05/2026 10:57:25 p. m.	Se inició la importación del esquema de la base de datos.
08/05/2026 10:57:39 p. m.	Recopilando credenciales de la base de datos
08/05/2026 10:57:39 p. m.	Recopilando opciones de base de datos
08/05/2026 10:57:39 p. m.	Recopilando la opción de configuración de ámbito de la base de datos genérica
08/05/2026 10:57:39 p. m.	Recopilando usuarios
08/05/2026 10:57:39 p. m.	Recopilando roles
08/05/2026 10:57:39 p. m.	Recopilando roles de aplicación
08/05/2026 10:57:39 p. m.	Recopilando pertenencias a roles
08/05/2026 10:57:39 p. m.	Recopilando grupos de archivos
08/05/2026 10:57:39 p. m.	Recopilando catálogos de texto completo
08/05/2026 10:57:39 p. m.	Recopilando ensamblados
08/05/2026 10:57:39 p. m.	Recopilando certificados
08/05/2026 10:57:39 p. m.	Recopilando claves asimétricas
08/05/2026 10:57:39 p. m.	Recopilando claves simétricas
08/05/2026 10:57:39 p. m.	Recopilando claves simétricas cifradas
08/05/2026 10:57:39 p. m.	Recopilando esquemas
08/05/2026 10:57:39 p. m.	Recopilando colecciones de esquemas XML
08/05/2026 10:57:39 p. m.	Recopilando tipos de datos definidos por el usuario
08/05/2026 10:57:39 p. m.	Recopilando tipos definidos por el usuario
08/05/2026 10:57:39 p. m.	Recopilando tipos de tabla
08/05/2026 10:57:39 p. m.	Recopilando claves únicas para tipos de tabla
08/05/2026 10:57:39 p. m.	Recopilando claves principales para tipos de tabla
08/05/2026 10:57:40 p. m.	Recopilando índices para tipos de tablas
08/05/2026 10:57:40 p. m.	Recopilando restricciones CHECK para tipos de tabla
08/05/2026 10:57:40 p. m.	Recopilando restricciones DEFAULT para tipos de tabla
08/05/2026 10:57:40 p. m.	Recopilando funciones de partición
08/05/2026 10:57:40 p. m.	Recopilando esquemas de partición
08/05/2026 10:57:40 p. m.	Recopilando funciones
08/05/2026 10:57:40 p. m.	Recopilando funciones cifradas
08/05/2026 10:57:40 p. m.	Recopilando agregados
08/05/2026 10:57:40 p. m.	Recopilando procedimientos
08/05/2026 10:57:40 p. m.	Recopilando procedimientos cifrados
08/05/2026 10:57:40 p. m.	Recopilando tablas
08/05/2026 10:58:36 p. m.	Recopilando claves principales
08/05/2026 10:58:36 p. m.	Recopilando restricciones UNIQUE
08/05/2026 10:58:36 p. m.	Recopilando claves externas
08/05/2026 10:58:36 p. m.	Recopilando restricciones DEFAULT
08/05/2026 10:58:36 p. m.	Recopilando restricciones CHECK
08/05/2026 10:58:36 p. m.	Recopilando vistas
08/05/2026 10:58:36 p. m.	Recopilando vistas cifradas
08/05/2026 10:58:36 p. m.	Recopilando índices
08/05/2026 10:58:36 p. m.	Recopilando estadísticas
08/05/2026 10:58:36 p. m.	Recopilando listas de palabras irrelevantes de índices de texto completo
08/05/2026 10:58:36 p. m.	Recopilando listas de propiedades de búsqueda
08/05/2026 10:58:36 p. m.	Recopilando propiedades de búsqueda
08/05/2026 10:58:36 p. m.	Recopilando índices de texto completo
08/05/2026 10:58:36 p. m.	Recopilando índices de almacenamiento de columnas
08/05/2026 10:58:36 p. m.	Recopilando índices espaciales
08/05/2026 10:58:36 p. m.	Recopilando índices XML
08/05/2026 10:58:36 p. m.	Recolección de índices JSON
08/05/2026 10:58:36 p. m.	Recopilando índices XML selectivos
08/05/2026 10:58:36 p. m.	Recopilando desencadenadores cifrados
08/05/2026 10:58:36 p. m.	Recopilando desencadenadores
08/05/2026 10:58:36 p. m.	Recopilando DDL triggers cifrados y de CLR
08/05/2026 10:58:36 p. m.	Recopilando DDL triggers
08/05/2026 10:59:02 p. m.	Creación de la restricción perimetral en curso
08/05/2026 10:59:02 p. m.	Recopilando sinónimos
08/05/2026 10:59:02 p. m.	Recopilando valores predeterminados
08/05/2026 10:59:02 p. m.	Recopilando enlaces UDDT de restricción de datos
08/05/2026 10:59:02 p. m.	Recopilando reglas
08/05/2026 10:59:02 p. m.	Recopilando enlaces UDDT de restricción de datos
08/05/2026 10:59:02 p. m.	Recopilando tipos de mensaje
08/05/2026 10:59:02 p. m.	Recopilando colas
08/05/2026 10:59:02 p. m.	Recopilando contratos
08/05/2026 10:59:02 p. m.	Recopilando servicios
08/05/2026 10:59:02 p. m.	Recopilando notificaciones de eventos
08/05/2026 10:59:02 p. m.	Recopilando enlaces de servicio remoto
08/05/2026 10:59:02 p. m.	Recopilando prioridades de Broker
08/05/2026 10:59:02 p. m.	Recopilando firmas
08/05/2026 10:59:02 p. m.	Recopilando opciones de compresión
08/05/2026 10:59:02 p. m.	Recopilando tipos de secuencia
08/05/2026 10:59:02 p. m.	Recopilando directivas de seguridad
08/05/2026 10:59:02 p. m.	Recopilar claves de cifrado de columna
08/05/2026 10:59:02 p. m.	Recopilando claves maestras de columna
08/05/2026 10:59:02 p. m.	Recopilando orígenes de datos externos
08/05/2026 10:59:02 p. m.	Recopilando formatos de archivo externos
08/05/2026 10:59:02 p. m.	Recopilando modelos externos
08/05/2026 10:59:02 p. m.	Recopilando tablas externas
08/05/2026 10:59:02 p. m.	Recopilando opciones de compresión de índice XML
08/05/2026 10:59:02 p. m.	Recopilando propiedades extendidas
08/05/2026 10:59:02 p. m.	Recopilando ensamblados
08/05/2026 10:59:02 p. m.	Recopilando credenciales
08/05/2026 10:59:02 p. m.	Recopilando inicios de sesión
08/05/2026 10:59:02 p. m.	Recopilando auditorías de servidor
08/05/2026 10:59:02 p. m.	Buscando elementos duplicados en el proyecto
08/05/2026 10:59:02 p. m.	Ha finalizado el procesamiento de los elementos duplicados
08/05/2026 10:59:02 p. m.	Finalizó la importación de la base de datos.
08/05/2026 10:59:02 p. m.	Se guardó un resumen de la importación en la siguiente ubicación: C:\Users\LENOVO\source\repos\Northwind_DW\Registros de importación de esquemas\Northwind_DW_20260509025725.log
08/05/2026 10:59:02 p. m.	Haga clic en Finalizar para continuar...
