05/05/2026 11:20:15 p. m.	Este registro contiene información acerca de la operación de importación de esquema en el proyecto 'Northwind_DW' del equipo 'DESKTOP-G2F87HJ' por el usuario 'LENOVO'.
05/05/2026 11:20:15 p. m.	Se inició la importación del esquema de la base de datos.
05/05/2026 11:20:29 p. m.	Recopilando credenciales de la base de datos
05/05/2026 11:20:29 p. m.	Recopilando opciones de base de datos
05/05/2026 11:20:29 p. m.	Recopilando la opción de configuración de ámbito de la base de datos genérica
05/05/2026 11:20:29 p. m.	Recopilando usuarios
05/05/2026 11:20:29 p. m.	Recopilando roles
05/05/2026 11:20:29 p. m.	Recopilando roles de aplicación
05/05/2026 11:20:29 p. m.	Recopilando pertenencias a roles
05/05/2026 11:20:29 p. m.	Recopilando grupos de archivos
05/05/2026 11:20:29 p. m.	Recopilando catálogos de texto completo
05/05/2026 11:20:29 p. m.	Recopilando ensamblados
05/05/2026 11:20:29 p. m.	Recopilando certificados
05/05/2026 11:20:29 p. m.	Recopilando claves asimétricas
05/05/2026 11:20:29 p. m.	Recopilando claves simétricas
05/05/2026 11:20:29 p. m.	Recopilando claves simétricas cifradas
05/05/2026 11:20:29 p. m.	Recopilando esquemas
05/05/2026 11:20:29 p. m.	Recopilando colecciones de esquemas XML
05/05/2026 11:20:29 p. m.	Recopilando tipos de datos definidos por el usuario
05/05/2026 11:20:29 p. m.	Recopilando tipos definidos por el usuario
05/05/2026 11:20:29 p. m.	Recopilando tipos de tabla
05/05/2026 11:20:29 p. m.	Recopilando claves únicas para tipos de tabla
05/05/2026 11:20:29 p. m.	Recopilando claves principales para tipos de tabla
05/05/2026 11:20:30 p. m.	Recopilando índices para tipos de tablas
05/05/2026 11:20:30 p. m.	Recopilando restricciones CHECK para tipos de tabla
05/05/2026 11:20:30 p. m.	Recopilando restricciones DEFAULT para tipos de tabla
05/05/2026 11:20:30 p. m.	Recopilando funciones de partición
05/05/2026 11:20:30 p. m.	Recopilando esquemas de partición
05/05/2026 11:20:30 p. m.	Recopilando funciones
05/05/2026 11:20:30 p. m.	Recopilando funciones cifradas
05/05/2026 11:20:30 p. m.	Recopilando agregados
05/05/2026 11:20:30 p. m.	Recopilando procedimientos
05/05/2026 11:20:30 p. m.	Recopilando procedimientos cifrados
05/05/2026 11:20:30 p. m.	Recopilando tablas
05/05/2026 11:21:01 p. m.	Recopilando claves principales
05/05/2026 11:21:01 p. m.	Recopilando restricciones UNIQUE
05/05/2026 11:21:01 p. m.	Recopilando claves externas
05/05/2026 11:21:01 p. m.	Recopilando restricciones DEFAULT
05/05/2026 11:21:01 p. m.	Recopilando restricciones CHECK
05/05/2026 11:21:01 p. m.	Recopilando vistas
05/05/2026 11:21:01 p. m.	Recopilando vistas cifradas
05/05/2026 11:21:01 p. m.	Recopilando índices
05/05/2026 11:21:01 p. m.	Recopilando estadísticas
05/05/2026 11:21:01 p. m.	Recopilando listas de palabras irrelevantes de índices de texto completo
05/05/2026 11:21:01 p. m.	Recopilando listas de propiedades de búsqueda
05/05/2026 11:21:01 p. m.	Recopilando propiedades de búsqueda
05/05/2026 11:21:01 p. m.	Recopilando índices de texto completo
05/05/2026 11:21:01 p. m.	Recopilando índices de almacenamiento de columnas
05/05/2026 11:21:01 p. m.	Recopilando índices espaciales
05/05/2026 11:21:01 p. m.	Recopilando índices XML
05/05/2026 11:21:01 p. m.	Recolección de índices JSON
05/05/2026 11:21:01 p. m.	Recopilando índices XML selectivos
05/05/2026 11:21:01 p. m.	Recopilando desencadenadores cifrados
05/05/2026 11:21:01 p. m.	Recopilando desencadenadores
05/05/2026 11:21:01 p. m.	Recopilando DDL triggers cifrados y de CLR
05/05/2026 11:21:01 p. m.	Recopilando DDL triggers
05/05/2026 11:21:02 p. m.	Creación de la restricción perimetral en curso
05/05/2026 11:21:02 p. m.	Recopilando sinónimos
05/05/2026 11:21:02 p. m.	Recopilando valores predeterminados
05/05/2026 11:21:02 p. m.	Recopilando enlaces UDDT de restricción de datos
05/05/2026 11:21:02 p. m.	Recopilando reglas
05/05/2026 11:21:02 p. m.	Recopilando enlaces UDDT de restricción de datos
05/05/2026 11:21:02 p. m.	Recopilando tipos de mensaje
05/05/2026 11:21:02 p. m.	Recopilando colas
05/05/2026 11:21:02 p. m.	Recopilando contratos
05/05/2026 11:21:02 p. m.	Recopilando servicios
05/05/2026 11:21:02 p. m.	Recopilando notificaciones de eventos
05/05/2026 11:21:02 p. m.	Recopilando enlaces de servicio remoto
05/05/2026 11:21:02 p. m.	Recopilando prioridades de Broker
05/05/2026 11:21:02 p. m.	Recopilando firmas
05/05/2026 11:21:02 p. m.	Recopilando opciones de compresión
05/05/2026 11:21:02 p. m.	Recopilando tipos de secuencia
05/05/2026 11:21:02 p. m.	Recopilando directivas de seguridad
05/05/2026 11:21:02 p. m.	Recopilar claves de cifrado de columna
05/05/2026 11:21:02 p. m.	Recopilando claves maestras de columna
05/05/2026 11:21:02 p. m.	Recopilando orígenes de datos externos
05/05/2026 11:21:02 p. m.	Recopilando formatos de archivo externos
05/05/2026 11:21:02 p. m.	Recopilando modelos externos
05/05/2026 11:21:02 p. m.	Recopilando tablas externas
05/05/2026 11:21:02 p. m.	Recopilando opciones de compresión de índice XML
05/05/2026 11:21:02 p. m.	Recopilando propiedades extendidas
05/05/2026 11:21:02 p. m.	Recopilando ensamblados
05/05/2026 11:21:05 p. m.	Recopilando credenciales
05/05/2026 11:21:05 p. m.	Recopilando inicios de sesión
05/05/2026 11:21:05 p. m.	Recopilando auditorías de servidor
05/05/2026 11:21:05 p. m.	Buscando elementos duplicados en el proyecto
05/05/2026 11:21:05 p. m.	Ha finalizado el procesamiento de los elementos duplicados
05/05/2026 11:21:06 p. m.	Finalizó la importación de la base de datos.
05/05/2026 11:21:06 p. m.	Se guardó un resumen de la importación en la siguiente ubicación: C:\Users\LENOVO\source\repos\Northwind_DW\Registros de importación de esquemas\Northwind_DW_20260506032015.log
05/05/2026 11:21:06 p. m.	Haga clic en Finalizar para continuar...
